Log file open, 06/28/20 12:58:08
LogInit:Display: Running engine for game: 我的项目A
LogPlatformFile: Not using cached read wrapper
LogInit:Display: RandInit(1544901748) SRandInit(1544901748).
LogTaskGraph: Started task graph with 5 named threads and 10 total threads with 1 sets of task threads.
LogStats: Stats thread started at 0.087198
LogInit: Using libcurl 7.47.1
LogInit:  - built for x86_64-pc-win32
LogInit:  - supports SSL with OpenSSL/1.0.2g
LogInit:  - supports HTTP deflate (compression) using libz 1.2.8
LogInit:  - other features:
LogInit:      CURL_VERSION_SSL
LogInit:      CURL_VERSION_LIBZ
LogInit:      CURL_VERSION_IPV6
LogInit:      CURL_VERSION_ASYNCHDNS
LogInit:      CURL_VERSION_LARGEFILE
LogInit:      CURL_VERSION_IDN
LogInit:  CurlRequestOptions (configurable via config and command line):
LogInit:  - bVerifyPeer = false  - Libcurl will NOT verify peer certificate
LogInit:  - bUseHttpProxy = false  - Libcurl will NOT use HTTP proxy
LogInit:  - bDontReuseConnections = false  - Libcurl will reuse connections
LogInit:  - CertBundlePath = nullptr  - Libcurl will use whatever was configured at build time.
LogInit: Build: ++UE4+Release-4.15-CL-3450819
LogInit: Engine Version: 4.15.3-3450819+++UE4+Release-4.15
LogInit: Compatible Engine Version: 4.15.0-3299760+++UE4+Release-4.15
LogInit: Net CL: 3299760
LogDevObjectVersion: Number of dev versions registered: 14
LogDevObjectVersion:   Dev-Blueprints (B0D832E4-1F89-4F0D-ACCF-7EB736FD4AA2): 8
LogDevObjectVersion:   Dev-Build (E1C64328-A22C-4D53-A36C-8E866417BD8C): 0
LogDevObjectVersion:   Dev-Core (375EC13C-06E4-48FB-B500-84F0262A717E): 2
LogDevObjectVersion:   Dev-Editor (E4B068ED-F494-42E9-A231-DA0B2E46BB41): 14
LogDevObjectVersion:   Dev-Framework (CFFC743F-43B0-4480-9391-14DF171D2073): 22
LogDevObjectVersion:   Dev-Mobile (B02B49B5-BB20-44E9-A304-32B752E40360): 0
LogDevObjectVersion:   Dev-Networking (A4E4105C-59A1-49B5-A7C5-40C4547EDFEE): 0
LogDevObjectVersion:   Dev-Online (39C831C9-5AE6-47DC-9A44-9C173E1C8E7C): 0
LogDevObjectVersion:   Dev-Physics (78F01B33-EBEA-4F98-B9B4-84EACCB95AA2): 0
LogDevObjectVersion:   Dev-Platform (6631380F-2D4D-43E0-8009-CF276956A95A): 0
LogDevObjectVersion:   Dev-Rendering (12F88B9F-8875-4AFC-A67C-D90C383ABD29): 12
LogDevObjectVersion:   Dev-Sequencer (7B5AE74C-D270-4C10-A958-57980B212A5A): 3
LogDevObjectVersion:   Dev-VR (D7296918-1DD6-4BDD-9DE2-64A83CC13884): 0
LogDevObjectVersion:   Dev-LoadTimes (C2A15278-BFE7-4AFE-6C17-90FF531DF755): 1
LogInit: Compiled (64-bit): May 21 2017 11:02:34
LogInit: Compiled with Visual C++: 19.00.23026.00
LogInit: Build Configuration: Development
LogInit: Branch Name: ++UE4+Release-4.15
LogInit: Command line: -EpicPortal  -epicusername="Haleey" -epicuserid=e95a0c3a566749a3b2801e8fee6ff4d6 -epiclocale=zh-CN
LogInit: Base directory: D:/UE_4.15/Engine/Binaries/Win64/
LogInit: Installed Engine Build: 1
LogInit: Presizing for max 8388607 objects, including 0 objects not considered by GC, pre-allocating 0 bytes for permanent pool.
LogInit: Object subsystem initialized
[2020.06.28-04.58.09:024][  0]LogInit: Selected Device Profile: [Windows]
[2020.06.28-04.58.09:024][  0]LogInit: Applying CVar settings loaded from the selected device profile: [Windows]
[2020.06.28-04.58.09:029][  0]LogInit: Computer: 93SSLYG2D88AY5F
[2020.06.28-04.58.09:029][  0]LogInit: User: Administrator
[2020.06.28-04.58.09:029][  0]LogInit: CPU Page size=65536, Cores=6
[2020.06.28-04.58.09:029][  0]LogInit: High frequency timer resolution =10.000000 MHz
[2020.06.28-04.58.09:030][  0]LogMemory: Memory total: Physical=16.0GB (16GB approx)
[2020.06.28-04.58.09:030][  0]LogMemory: Platform Memory Stats for Windows
[2020.06.28-04.58.09:030][  0]LogMemory: Process Physical Memory: 265.89 MB used, 265.89 MB peak
[2020.06.28-04.58.09:030][  0]LogMemory: Process Virtual Memory: 260.05 MB used, 260.05 MB peak
[2020.06.28-04.58.09:030][  0]LogMemory: Physical Memory: 4781.12 MB used,  11563.29 MB free, 16344.41 MB total
[2020.06.28-04.58.09:030][  0]LogMemory: Virtual Memory: 4762.92 MB used,  11563.29 MB free, 134217728.00 MB total
[2020.06.28-04.58.09:115][  0]LogTextLocalizationManager:Warning: Loaded localization resources contain conflicting entries for (Namespace:UObjectToolTips, Key:AnimNode_AssetPlayerBase:InternalTimeAccumulator):
Localization Resource: (D:/UE_4.15/Engine/Content/Localization/EditorTutorials/zh-CN/EditorTutorials.locres) Source String Hash: (502993589) Localized String: (用于引用此节点中的资源的累积时间)
Localization Resource: (D:/UE_4.15/Engine/Content/Localization/Engine/zh-CN/Engine.locres) Source String Hash: (502993589) Localized String: (引用该节点中资源所用的累计时间)
[2020.06.28-04.58.09:115][  0]LogTextLocalizationManager:Warning: Loaded localization resources contain conflicting entries for (Namespace:UObjectToolTips, Key:AnimNode_AssetPlayerBase:bIgnoreForRelevancyTest):
Localization Resource: (D:/UE_4.15/Engine/Content/Localization/EditorTutorials/zh-CN/EditorTutorials.locres) Source String Hash: (319969718) Localized String: (若为真，在状态中寻找最高权重动画的“相关动画”节点将忽视 此节点)
Localization Resource: (D:/UE_4.15/Engine/Content/Localization/Engine/zh-CN/Engine.locres) Source String Hash: (319969718) Localized String: (如果为真，那么将会忽略查找最高权重动画的"相关动画"节点。
这个节点)
[2020.06.28-04.58.09:115][  0]LogTextLocalizationManager:Warning: Loaded localization resources contain conflicting entries for (Namespace:UObjectToolTips, Key:AnimNode_AssetPlayerBase:BlendWeight):
Localization Resource: (D:/UE_4.15/Engine/Content/Localization/EditorTutorials/zh-CN/EditorTutorials.locres) Source String Hash: (-1232800293) Localized String: (此节点最后交会的混合权重)
Localization Resource: (D:/UE_4.15/Engine/Content/Localization/Engine/zh-CN/Engine.locres) Source String Hash: (-1232800293) Localized String: (该节点上一次遇到的混合权重)
[2020.06.28-04.58.09:330][  0]LogD3D11RHI: D3D11 adapters:
[2020.06.28-04.58.09:388][  0]LogD3D11RHI:    0. 'NVIDIA GeForce RTX 2080' (Feature Level 11_0)
[2020.06.28-04.58.09:388][  0]LogD3D11RHI:       8010/0/8172 MB DedicatedVideo/DedicatedSystem/SharedSystem, Outputs:1, VendorId:0x10de
[2020.06.28-04.58.09:390][  0]LogD3D11RHI:    1. 'Microsoft Basic Render Driver' (Feature Level 11_0)
[2020.06.28-04.58.09:390][  0]LogD3D11RHI:       0/0/8172 MB DedicatedVideo/DedicatedSystem/SharedSystem, Outputs:0, VendorId:0x1414
[2020.06.28-04.58.09:390][  0]LogD3D11RHI: Chosen D3D11 Adapter: 0
[2020.06.28-04.58.09:394][  0]LogD3D11RHI: Creating new Direct3DDevice
[2020.06.28-04.58.09:394][  0]LogD3D11RHI:     GPU DeviceId: 0x1e87 (for the marketing name, search the web for "GPU Device Id")
[2020.06.28-04.58.09:394][  0]LogWindows: EnumDisplayDevices:
[2020.06.28-04.58.09:394][  0]LogWindows:    0. 'NVIDIA GeForce RTX 2080' (P:1 D:1)
[2020.06.28-04.58.09:394][  0]LogWindows:    1. 'NVIDIA GeForce RTX 2080' (P:0 D:0)
[2020.06.28-04.58.09:394][  0]LogWindows:    2. 'NVIDIA GeForce RTX 2080' (P:0 D:0)
[2020.06.28-04.58.09:394][  0]LogWindows:    3. 'NVIDIA GeForce RTX 2080' (P:0 D:0)
[2020.06.28-04.58.09:394][  0]LogWindows: DebugString: GetVideoDriverDetailsInvalid PrimaryIsNotTheChoosenAdapter GetVideoDriverDetailsInvalid PrimaryIsNotTheChoosenAdapter GetVideoDriverDetailsInvalid PrimaryIsNotTheChoosenAdapter GetVideoDriverDetailsInvalid PrimaryIsNotTheChoosenAdapter FoundDriverCount:0 
[2020.06.28-04.58.09:394][  0]LogD3D11RHI:     Adapter Name: NVIDIA GeForce RTX 2080
[2020.06.28-04.58.09:394][  0]LogD3D11RHI:   Driver Version: Unknown (internal:Unknown, unified:Unknown)
[2020.06.28-04.58.09:394][  0]LogD3D11RHI:      Driver Date: Unknown
[2020.06.28-04.58.09:394][  0]LogRHI: Texture pool is 1361 MB (70% of 1945 MB)
[2020.06.28-04.58.09:439][  0]LogD3D11RHI: Async texture creation enabled
[2020.06.28-04.58.09:451][  0]LogD3D11RHI: GPU Timing Frequency: 1000.000000 (Debug: 2 1)
[2020.06.28-04.58.09:452][  0]LogShaderCompilers: Guid format shader working directory is 16 characters bigger than the processId version (E:/epic/Epic_Projcet/Git_Project/我的项目A/Intermediate/Shaders/WorkingDirectory/6924/).
[2020.06.28-04.58.09:452][  0]LogShaderCompilers: Cleaned the shader compiler working directory 'C:/Users/Administrator/AppData/Local/Temp/UnrealShaderWorkingDir/30B006604BCD2CBCA142C29953A4B54E/'.
[2020.06.28-04.58.09:452][  0]LogShaderCompilers:Display: Using Local Shader Compiler.
[2020.06.28-04.58.10:147][  0]LogTemp:Display: Loaded TP AllDesktopTargetPlatform
[2020.06.28-04.58.10:177][  0]LogTemp:Display: Loaded TP MacClientTargetPlatform
[2020.06.28-04.58.10:207][  0]LogTemp:Display: Loaded TP MacNoEditorTargetPlatform
[2020.06.28-04.58.10:237][  0]LogTemp:Display: Loaded TP MacServerTargetPlatform
[2020.06.28-04.58.10:266][  0]LogTemp:Display: Loaded TP MacTargetPlatform
[2020.06.28-04.58.10:296][  0]LogTemp:Display: Loaded TP WindowsClientTargetPlatform
[2020.06.28-04.58.10:327][  0]LogTemp:Display: Loaded TP WindowsNoEditorTargetPlatform
[2020.06.28-04.58.10:357][  0]LogTemp:Display: Loaded TP WindowsServerTargetPlatform
[2020.06.28-04.58.10:379][  0]LogTemp:Display: Loaded TP WindowsTargetPlatform
[2020.06.28-04.58.10:408][  0]LogTemp:Display: Loaded TP AndroidTargetPlatform
[2020.06.28-04.58.10:441][  0]LogTemp:Display: Loaded TP Android_ASTCTargetPlatform
[2020.06.28-04.58.10:474][  0]LogTemp:Display: Loaded TP Android_ATCTargetPlatform
[2020.06.28-04.58.10:504][  0]LogTemp:Display: Loaded TP Android_DXTTargetPlatform
[2020.06.28-04.58.10:537][  0]LogTemp:Display: Loaded TP Android_ETC1TargetPlatform
[2020.06.28-04.58.10:566][  0]LogTemp:Display: Loaded TP Android_ETC2TargetPlatform
[2020.06.28-04.58.10:625][  0]LogTemp:Display: Loaded TP Android_MultiTargetPlatform
[2020.06.28-04.58.10:625][  0]LogTemp:Display: Loaded TP Android_PVRTCTargetPlatform
[2020.06.28-04.58.10:644][  0]LogTemp:Display: Loaded TP HTML5TargetPlatform
[2020.06.28-04.58.10:705][  0]LogTemp:Display: Loaded TP IOSTargetPlatform
[2020.06.28-04.58.10:725][  0]LogTemp:Display: Loaded TP TVOSTargetPlatform
[2020.06.28-04.58.10:754][  0]LogTemp:Display: Loaded TP LinuxClientTargetPlatform
[2020.06.28-04.58.10:784][  0]LogTemp:Display: Loaded TP LinuxNoEditorTargetPlatform
[2020.06.28-04.58.10:813][  0]LogTemp:Display: Loaded TP LinuxServerTargetPlatform
[2020.06.28-04.58.10:843][  0]LogTemp:Display: Loaded TP LinuxTargetPlatform
[2020.06.28-04.58.10:843][  0]LogTargetPlatformManager:Display: Building Assets For Windows
[2020.06.28-04.58.11:054][  0]LogDerivedDataCache:Display: Max Cache Size: 512 MB
[2020.06.28-04.58.11:085][  0]LogDerivedDataCache: Loaded boot cache 0.03s 50MB C:/Users/Administrator/AppData/Local/UnrealEngine/4.15/DerivedDataCache/Boot.ddc.
[2020.06.28-04.58.11:085][  0]LogDerivedDataCache:Display: Loaded Boot cache: C:/Users/Administrator/AppData/Local/UnrealEngine/4.15/DerivedDataCache/Boot.ddc
[2020.06.28-04.58.11:085][  0]LogDerivedDataCache: FDerivedDataBackendGraph:  Pak pak cache file E:/epic/Epic_Projcet/Git_Project/我的项目A/DerivedDataCache/DDC.ddp not found, will not use a pak cache.
[2020.06.28-04.58.11:085][  0]LogDerivedDataCache: Unable to find inner node Pak for hierarchical cache Hierarchy.
[2020.06.28-04.58.11:085][  0]LogDerivedDataCache: FDerivedDataBackendGraph:  CompressedPak pak cache file E:/epic/Epic_Projcet/Git_Project/我的项目A/DerivedDataCache/Compressed.ddp not found, will not use a pak cache.
[2020.06.28-04.58.11:085][  0]LogDerivedDataCache: Unable to find inner node CompressedPak for hierarchical cache Hierarchy.
[2020.06.28-04.58.11:098][  0]LogDerivedDataCache:Display: Pak cache opened for reading ../../../Engine/DerivedDataCache/Compressed.ddp.
[2020.06.28-04.58.11:110][  0]LogDerivedDataCache: Using Local data cache path C:/Users/Administrator/AppData/Local/UnrealEngine/Common/DerivedDataCache: Writable
[2020.06.28-04.58.11:116][  0]LogSlate: Using Freetype 2.6.0
[2020.06.28-04.58.11:117][  0]LogSlate: SlateFontCache - WITH_FREETYPE: 1, WITH_HARFBUZZ: 1
[2020.06.28-04.58.11:117][  0]LogSlate: SlateFontCache - WITH_FREETYPE: 1, WITH_HARFBUZZ: 1
[2020.06.28-04.58.11:284][  0]LogInit: Selected Device Profile: [Windows]
[2020.06.28-04.58.11:286][  0]LogContentStreaming: Texture pool size is 0.00 MB
[2020.06.28-04.58.11:412][  0]LogMeshUtilities: Using QuadricMeshReduction for automatic static mesh reduction
[2020.06.28-04.58.11:434][  0]LogSimplygon: Simplygon DLL not present - disabling.
[2020.06.28-04.58.11:456][  0]LogMeshUtilities: Using SimplygonSwarm for distributed automatic mesh merging
[2020.06.28-04.58.11:456][  0]LogMeshUtilities: No automatic skeletal mesh reduction module available
[2020.06.28-04.58.11:456][  0]LogMeshUtilities: No automatic mesh merging module available
[2020.06.28-04.58.11:784][  0]LogNetVersion: GetLocalNetworkVersion: CL: 3299760, ProjectName: 我的项目a, ProjectVersion: , EngineNetworkVersion: 2, GameNetworkVersion: 0, NetworkChecksum: 640449760
[2020.06.28-04.58.11:818][  0]LogAssetRegistry: FAssetRegistry took 0.0222 seconds to start up
[2020.06.28-04.58.11:869][  0]LogPackageLocalizationCache: Processed 3 localized package path(s) for 4 prioritized culture(s) in 0.041384 seconds
[2020.06.28-04.58.11:873][  0]LogUObjectArray: 32493 objects as part of root set at end of initial load.
[2020.06.28-04.58.11:873][  0]LogUObjectAllocator: 7077032 out of 0 bytes used by permanent object pool.
[2020.06.28-04.58.11:873][  0]LogUObjectArray: CloseDisregardForGC: 0/0 objects in disregard for GC pool
[2020.06.28-04.58.11:901][  0]LogInit: WinSock: version 1.1 (2.2), MaxSocks=32767, MaxUdp=65467
[2020.06.28-04.58.12:774][  0]LogTcpMessaging: Initializing TcpMessaging bridge
[2020.06.28-04.58.12:798][  0]LogUdpMessaging: Initializing bridge on interface 0.0.0.0:0 to multicast group 230.0.0.1:6666.
[2020.06.28-04.58.13:052][  0]LogMaterial: Uniform references updated for custom material expression Custom.
[2020.06.28-04.58.13:249][  0]SourceControl: 信息 源码控制已禁用
[2020.06.28-04.58.13:287][  0]SourceControl: 信息 源码控制已禁用
[2020.06.28-04.58.13:309][  0]SourceControl: 信息 源码控制已禁用
[2020.06.28-04.58.13:330][  0]SourceControl: 信息 源码控制已禁用
[2020.06.28-04.58.13:996][  0]LogEngine: Initializing Engine...
[2020.06.28-04.58.13:996][  0]LogHMD: Failed to initialize OpenVR with code 110
[2020.06.28-04.58.14:070][  0]LogStats: UGameplayTagsManager::ConstructGameplayTagTree: Construct from data asset -  0.000 s
[2020.06.28-04.58.14:070][  0]LogStats: UGameplayTagsManager::ConstructGameplayTagTree: GameplayTagTreeChangedEvent.Broadcast -  0.000 s
[2020.06.28-04.58.14:127][  0]LogAIModule: Creating AISystem for world Untitled
[2020.06.28-04.58.14:145][  0]LogInit: XAudio2 using '扬声器 (3- S21)' : 2 channels at 48 kHz using 16 bits per sample (channel mask 0x3)
[2020.06.28-04.58.14:163][  0]LogInit: FAudioDevice initialized.
[2020.06.28-04.58.14:182][  0]LogDerivedDataCache: Saved boot cache 0.02s 50MB C:/Users/Administrator/AppData/Local/UnrealEngine/4.15/DerivedDataCache/Boot.ddc.
[2020.06.28-04.58.14:186][  0]LogInit: Texture streaming: Enabled
[2020.06.28-04.58.14:229][  0]LogEngineSessionManager: EngineSessionManager initialized
[2020.06.28-04.58.14:273][  0]LogInit: Transaction tracking system initialized
[2020.06.28-04.58.14:430][  0]BlueprintLog: New page: 编辑器加载
[2020.06.28-04.58.14:838][  0]LocalizationService: 信息 本地化服务已被禁用
[2020.06.28-04.58.15:161][  0]LogConsoleResponse:Display: 
[2020.06.28-04.58.15:237][  0]LogCook:Display: Max memory allowance for cook 16384mb min free memory 0mb
[2020.06.28-04.58.15:237][  0]LogCook:Display: Mobile HDR setting 1
[2020.06.28-04.58.15:712][  0]LogFileCache: Scanning file cache for directory 'E:/epic/Epic_Projcet/Git_Project/我的项目A/Content/' took 0.01s
[2020.06.28-04.58.15:712][  0]SourceControl: 信息 源码控制已禁用
[2020.06.28-04.58.15:712][  0]Cmd: MAP LOAD FILE="../../../Engine/Content/Maps/Templates/Template_Default.umap" TEMPLATE=1 SHOWPROGRESS=1 FEATURELEVEL=3
[2020.06.28-04.58.15:712][  0]LightingResults: New page: 光照构建
[2020.06.28-04.58.15:731][  0]MapCheck: New page: 地图检测
[2020.06.28-04.58.15:731][  0]LightingResults: New page: 光照构建
[2020.06.28-04.58.15:859][  0]LogAIModule: Creating AISystem for world Untitled_1
[2020.06.28-04.58.15:870][  0]LogActorComponent: RegisterComponentWithWorld: (/Temp/Untitled_1.Untitled_1:PersistentLevel.WorldSettings_1.StaticMeshComponent0) Trying to register component with IsPendingKill() == true. Aborting.
[2020.06.28-04.58.15:873][  0]LogEditorServer: Finished looking for orphan Actors (0.000 secs)
[2020.06.28-04.58.15:875][  0]Cmd: MAP CHECKDEP NOCLEARLOG
[2020.06.28-04.58.15:895][  0]MapCheck: 信息 地图检测完成：0个错误，0 个警告，用时20.062毫秒完成。
[2020.06.28-04.58.15:895][  0]LogFileHelpers: Loading map 'Template_Default' took 0.183
[2020.06.28-04.58.16:023][  0]LogCollectionManager: Loaded 0 collections in 0.000567 seconds
[2020.06.28-04.58.16:079][  0]LogFileCache: Scanning file cache for directory 'E:/epic/Epic_Projcet/Git_Project/我的项目A/Saved/Collections/' took 0.01s
[2020.06.28-04.58.16:079][  0]LogFileCache: Scanning file cache for directory 'E:/epic/Epic_Projcet/Git_Project/我的项目A/Content/Developers/Administrator/Collections/' took 0.01s
[2020.06.28-04.58.16:079][  0]LogFileCache: Scanning file cache for directory 'E:/epic/Epic_Projcet/Git_Project/我的项目A/Content/Collections/' took 0.01s
[2020.06.28-04.58.16:079][  0]LogCollectionManager: Rebuilt the GUID cache for 0 collections in 0.000001 seconds
[2020.06.28-04.58.16:085][  0]LogContentBrowser: Native class hierarchy populated in 0.0061 seconds. Added 2245 classes and 453 folders.
[2020.06.28-04.58.16:114][  0]LogContentBrowser: Native class hierarchy updated for 'WidgetCarousel' in 0.0004 seconds. Added 0 classes and 0 folders.
[2020.06.28-04.58.16:137][  0]LogContentBrowser: Native class hierarchy updated for 'AddContentDialog' in 0.0005 seconds. Added 0 classes and 0 folders.
[2020.06.28-04.58.16:157][  0]LogContentBrowser: Native class hierarchy updated for 'SceneOutliner' in 0.0004 seconds. Added 1 classes and 2 folders.
[2020.06.28-04.58.16:184][  0]LogCrashTracker: Crashtracker disabled due to settings.
[2020.06.28-04.58.16:191][  0]LogUObjectGlobals:Warning: 寻找对象'Class 无.'失败
[2020.06.28-04.58.16:233][  0]LogContentBrowser: Native class hierarchy updated for 'HierarchicalLODOutliner' in 0.0005 seconds. Added 1 classes and 2 folders.
[2020.06.28-04.58.16:234][  0]LogLoad: (Engine Initialization) Total time: 8.49 seconds
[2020.06.28-04.58.16:234][  0]LogLoad: (Engine Initialization) Total Blueprint compile time: 0.05 seconds
[2020.06.28-04.58.16:234][  0]LogExternalProfiler: No external profilers were discovered.  External profiling features will not be available.
[2020.06.28-04.58.16:244][  0]LogOcInput: OculusInput pre-init called
[2020.06.28-04.58.16:258][  0]LogAssetRegistry: Asset discovery search completed in 4.4631 seconds
[2020.06.28-04.58.16:258][  0]LogCollectionManager: Rebuilt the object cache for 0 collections in 0.000003 seconds (found 0 objects)
[2020.06.28-04.58.16:258][  0]LogCollectionManager: Fixed up redirectors for 0 collections in 0.000013 seconds (updated 0 objects)
[2020.06.28-04.58.16:262][  0]LogContentStreaming: Texture pool size now 1000 MB
[2020.06.28-04.58.16:268][  0]LogSlate: Took 0.000195 seconds to synchronously load lazily loaded font '../../../Engine/Content/Slate/Fonts/Roboto-Regular.ttf' (155K)
[2020.06.28-04.58.16:269][  0]LogSlate: Took 0.001191 seconds to synchronously load lazily loaded font '../../../Engine/Content/Slate/Fonts/DroidSansFallback.ttf' (3848K)
[2020.06.28-04.58.16:271][  0]LogSlate: Took 0.000137 seconds to synchronously load lazily loaded font '../../../Engine/Content/Slate/Fonts/Roboto-Bold.ttf' (160K)
[2020.06.28-04.58.16:275][  0]LogSlate: Took 0.000156 seconds to synchronously load lazily loaded font '../../../Engine/Content/Editor/Slate/Fonts/FontAwesome.ttf' (139K)
[2020.06.28-04.58.16:357][  0]LogSlate: Took 0.000182 seconds to synchronously load lazily loaded font '../../../Engine/Content/Slate/Fonts/Roboto-Light.ttf' (159K)
[2020.06.28-04.58.16:388][  0]LogRenderer: Reallocating scene render targets to support 1204x544 NumSamples 1 (Frame:2).
[2020.06.28-04.58.17:258][ 84]LogSlate: Took 0.000152 seconds to synchronously load lazily loaded font '../../../Engine/Content/Slate/Fonts/Roboto-Light.ttf' (159K)
[2020.06.28-04.58.18:426][224]LogTemp: Repeting last play command: 新建编辑器窗口（在编辑器中运行）
[2020.06.28-04.58.18:435][224]LogPlayLevel: PlayLevel: No blueprints needed recompiling
[2020.06.28-04.58.18:435][224]PIE: New page: PIE会话: Untitled_1 (2020年6月28日 下午8:58:18)
[2020.06.28-04.58.18:435][224]LogPlayLevel: Creating play world package: /Temp/UEDPIE_0_Untitled_1
[2020.06.28-04.58.18:436][224]LogPlayLevel: PIE: StaticDuplicateObject took: (0.001080s)
[2020.06.28-04.58.18:437][224]LogAIModule: Creating AISystem for world Untitled_1
[2020.06.28-04.58.18:437][224]LogPlayLevel: PIE: World Init took: (0.000492s)
[2020.06.28-04.58.18:437][224]LogPlayLevel: PIE: Created PIE world by copying editor world from /Temp/Untitled_1.Untitled_1 to /Temp/UEDPIE_0_Untitled_1.Untitled_1 (0.001692s)
[2020.06.28-04.58.18:459][224]LogInit: XAudio2 using '扬声器 (3- S21)' : 2 channels at 48 kHz using 16 bits per sample (channel mask 0x3)
[2020.06.28-04.58.18:468][224]LogInit: FAudioDevice initialized.
[2020.06.28-04.58.18:517][224]LogLoad: Game class is 'GameModeBase'
[2020.06.28-04.58.18:519][224]LogWorld: Bringing World /Temp/UEDPIE_0_Untitled_1.Untitled_1 up for play (max tick rate 0) at 2020.06.28-12.58.18
[2020.06.28-04.58.18:519][224]LogWorld: Bringing up level for play took: 0.000697
[2020.06.28-04.58.18:541][224]LogContentBrowser: Native class hierarchy updated for 'MovieSceneCapture' in 0.0005 seconds. Added 11 classes and 0 folders.
[2020.06.28-04.58.18:544][224]PIE: 信息 /Temp/UEDPIE_0_Untitled_1的‘在编辑器中播放’的起始时间-0.52
[2020.06.28-04.58.18:568][224]LogRenderer: Reallocating scene render targets to support 1292x756 NumSamples 1 (Frame:215).
[2020.06.28-04.58.24:843][713]LogSlate: Only BGRA pngs, bmps or icos are supported in by External Image Picker
[2020.06.28-04.58.24:892][714]LogTemp:Display: IPP ERROR: Illegal character in bundle ID

[2020.06.28-04.58.24:892][714]LogTemp:Display: Usage: iPhonePackager <Command> <GameName> [RPCCommand &| Switch]

[2020.06.28-04.58.24:892][714]LogTemp:Display: 

[2020.06.28-04.58.24:892][714]LogTemp:Display: Common commands:

[2020.06.28-04.58.24:892][714]LogTemp:Display:  ... RepackageIPA GameName

[2020.06.28-04.58.24:892][714]LogTemp:Display:  ... PackageIPA GameName

[2020.06.28-04.58.24:892][714]LogTemp:Display:  ... PackageApp GameName

[2020.06.28-04.58.24:892][714]LogTemp:Display:  ... Deploy PathToIPA

[2020.06.28-04.58.24:892][714]LogTemp:Display:  ... RepackageFromStage GameName

[2020.06.28-04.58.24:892][714]LogTemp:Display:  ... Devices

[2020.06.28-04.58.24:892][714]LogTemp:Display:  ... Validate

[2020.06.28-04.58.24:892][714]LogTemp:Display:  ... Install

[2020.06.28-04.58.24:892][714]LogTemp:Display: 

[2020.06.28-04.58.24:892][714]LogTemp:Display: Configuration switches:

[2020.06.28-04.58.24:892][714]LogTemp:Display: 	 -stagedir <path>		  sets the directory to copy staged files from (defaults to none)

[2020.06.28-04.58.24:892][714]LogTemp:Display: 	 -project <path>		  path to the project being packaged

[2020.06.28-04.58.24:892][714]LogTemp:Display: 	 -compress=fast|best|none  packaging compression level (defaults to none)

[2020.06.28-04.58.24:892][714]LogTemp:Display: 	 -strip					strip symbols during packaging

[2020.06.28-04.58.24:892][714]LogTemp:Display: 	 -config				   game configuration (e.g., Shipping, Development, etc...)

[2020.06.28-04.58.24:892][714]LogTemp:Display: 	 -distribution			 packaging for final distribution

[2020.06.28-04.58.24:892][714]LogTemp:Display: 	 -createstub			   packaging stub IPA for later repackaging

[2020.06.28-04.58.24:892][714]LogTemp:Display: 	 -mac <MacName>			overrides the machine to use for any Mac operations

[2020.06.28-04.58.24:892][714]LogTemp:Display: 	 -arch <Architecture>	  sets the architecture to use (blank for default, -simulator for simulator builds)

[2020.06.28-04.58.24:892][714]LogTemp:Display: 	 -device <DeviceID>		sets the device to install the IPA on

[2020.06.28-04.58.24:892][714]LogTemp:Display: 

[2020.06.28-04.58.24:892][714]LogTemp:Display: Commands: RPC, Clean

[2020.06.28-04.58.24:892][714]LogTemp:Display:   StageMacFiles, GetIPA, Deploy, Install, Uninstall

[2020.06.28-04.58.24:892][714]LogTemp:Display: 

[2020.06.28-04.58.24:892][714]LogTemp:Display: RPC Commands: SetExec, InstallProvision, MakeApp, DeleteIPA, Copy, Kill, Strip, Zip, GenDSYM

[2020.06.28-04.58.24:892][714]LogTemp:Display: 

[2020.06.28-04.58.24:892][714]LogTemp:Display: Sample commandlines:

[2020.06.28-04.58.24:892][714]LogTemp:Display:  ... iPhonePackager Deploy UDKGame Release

[2020.06.28-04.58.24:892][714]LogTemp:Display:  ... iPhonePackager RPC SwordGame Shipping MakeApp

[2020.06.28-04.58.39:082][396]LogSlate: Took 0.000937 seconds to synchronously load lazily loaded font '../../../Engine/Content/Slate/Fonts/Roboto-Light.ttf' (159K)
[2020.06.28-04.58.39:344][396]LogAIModule: Creating AISystem for world ThirdPersonExampleMap
[2020.06.28-04.58.39:359][396]Cmd: MAP LOAD FILE="E:/epic/Epic_Projcet/Git_Project/我的项目A/Content/Player/Maps/ThirdPersonExampleMap.umap" TEMPLATE=0 SHOWPROGRESS=1 FEATURELEVEL=3
[2020.06.28-04.58.39:359][396]LightingResults: New page: 光照构建
[2020.06.28-04.58.39:360][396]LoadErrors: New page: 正在加载地图： ThirdPersonExampleMap.umap
[2020.06.28-04.58.39:360][396]MapCheck: New page: 地图检测
[2020.06.28-04.58.39:360][396]LightingResults: New page: 光照构建
[2020.06.28-04.58.39:368][396]PIE:Warning: 警告 无效模拟选项：刚体(Ramp_StaticMesh_DM_2.DestructibleComponent0 Ramp_StaticMesh_DM)被设置为模拟物理，但“启用碰撞”不兼容。
[2020.06.28-04.58.39:368][396]PIE:Warning: 警告 无效模拟选项：刚体(Ramp_StaticMesh_DM_2.DestructibleComponent0 Ramp_StaticMesh_DM)被设置为模拟物理，但“启用碰撞”不兼容。
[2020.06.28-04.58.39:371][396]LogEditorServer: Finished looking for orphan Actors (0.000 secs)
[2020.06.28-04.58.39:388][396]Cmd: MAP CHECKDEP NOCLEARLOG
[2020.06.28-04.58.39:418][396]MapCheck: 信息 地图检测完成：0个错误，0 个警告，用时29.929毫秒完成。
[2020.06.28-04.58.39:418][396]LogFileHelpers: Loading map 'ThirdPersonExampleMap' took 0.060
[2020.06.28-04.58.40:043][457]LogSavePackage: Save=71.86ms
[2020.06.28-04.58.40:043][457]LogSavePackage: Moving 'E:/epic/Epic_Projcet/Git_Project/我的项目A/Saved/ThirdPersonExampleMap6D277F2D49C156E26C2BFF9F1FC37A65.tmp' to 'E:/epic/Epic_Projcet/Git_Project/我的项目A/Content/Player/Maps/ThirdPersonExampleMap.umap'
[2020.06.28-04.58.40:045][457]LogSavePackage:Display: Finished SavePackage E:/epic/Epic_Projcet/Git_Project/我的项目A/Content/Player/Maps/ThirdPersonExampleMap.umap
[2020.06.28-04.58.40:067][457]Cmd: OBJ SAVEPACKAGE PACKAGE="/Game/Player/Maps/ThirdPersonExampleMap_BuiltData" FILE="E:/epic/Epic_Projcet/Git_Project/我的项目A/Content/Player/Maps/ThirdPersonExampleMap_BuiltData.uasset" SILENT=true
[2020.06.28-04.58.40:169][457]LogSavePackage: Save=99.39ms
[2020.06.28-04.58.40:169][457]LogSavePackage: Moving 'E:/epic/Epic_Projcet/Git_Project/我的项目A/Saved/ThirdPersonExampleMap_BuiltData3A05071E4219710FE6CE9A91349ADA04.tmp' to 'E:/epic/Epic_Projcet/Git_Project/我的项目A/Content/Player/Maps/ThirdPersonExampleMap_BuiltData.uasset'
[2020.06.28-04.58.40:170][457]LogSavePackage:Display: Finished SavePackage E:/epic/Epic_Projcet/Git_Project/我的项目A/Content/Player/Maps/ThirdPersonExampleMap_BuiltData.uasset
[2020.06.28-04.58.40:505][497]LogTemp: Repeting last play command: 新建编辑器窗口（在编辑器中运行）
[2020.06.28-04.58.40:514][497]LogBlueprintUserMessages: Early PlayInEditor Detection: Level '/Game/Player/Maps/ThirdPersonExampleMap.ThirdPersonExampleMap:PersistentLevel' has LevelScriptBlueprint '/Game/Player/Maps/ThirdPersonExampleMap.ThirdPersonExampleMap:PersistentLevel.ThirdPersonExampleMap' with GeneratedClass '/Game/Player/Maps/ThirdPersonExampleMap.ThirdPersonExampleMap_C' with ClassGeneratedBy '/Game/Player/Maps/ThirdPersonExampleMap.ThirdPersonExampleMap:PersistentLevel.ThirdPersonExampleMap'
[2020.06.28-04.58.40:514][497]LogPlayLevel: PlayLevel: No blueprints needed recompiling
[2020.06.28-04.58.40:514][497]PIE: New page: PIE会话: ThirdPersonExampleMap (2020年6月28日 下午8:58:40)
[2020.06.28-04.58.40:514][497]LogPlayLevel: Creating play world package: /Game/Player/Maps/UEDPIE_0_ThirdPersonExampleMap
[2020.06.28-04.58.40:525][497]LogPlayLevel: PIE: StaticDuplicateObject took: (0.010736s)
[2020.06.28-04.58.40:525][497]LogAIModule: Creating AISystem for world ThirdPersonExampleMap
[2020.06.28-04.58.40:526][497]LogPlayLevel: PIE: World Init took: (0.000817s)
[2020.06.28-04.58.40:526][497]LogPlayLevel: PIE: Created PIE world by copying editor world from /Game/Player/Maps/ThirdPersonExampleMap.ThirdPersonExampleMap to /Game/Player/Maps/UEDPIE_0_ThirdPersonExampleMap.ThirdPersonExampleMap (0.011706s)
[2020.06.28-04.58.40:547][497]LogInit: XAudio2 using '扬声器 (3- S21)' : 2 channels at 48 kHz using 16 bits per sample (channel mask 0x3)
[2020.06.28-04.58.40:556][497]LogInit: FAudioDevice initialized.
[2020.06.28-04.58.40:592][497]LogLoad: Game class is 'GameModeBase'
[2020.06.28-04.58.40:594][497]PIE:Warning: 警告 无效模拟选项：刚体(Ramp_StaticMesh_DM_2.DestructibleComponent0 Ramp_StaticMesh_DM)被设置为模拟物理，但“启用碰撞”不兼容。
[2020.06.28-04.58.40:594][497]PIE:Warning: 警告 无效模拟选项：刚体(Ramp_StaticMesh_DM_2.DestructibleComponent0 Ramp_StaticMesh_DM)被设置为模拟物理，但“启用碰撞”不兼容。
[2020.06.28-04.58.40:601][497]LogWorld: Bringing World /Game/Player/Maps/UEDPIE_0_ThirdPersonExampleMap.ThirdPersonExampleMap up for play (max tick rate 0) at 2020.06.28-12.58.40
[2020.06.28-04.58.40:601][497]LogWorld: Bringing up level for play took: 0.008140
[2020.06.28-04.58.40:604][497]PIE: 信息 /Game/Player/Maps/UEDPIE_0_ThirdPersonExampleMap的‘在编辑器中播放’的起始时间-0.459
[2020.06.28-04.58.40:605][497]LogBlueprintUserMessages: Late PlayInEditor Detection: Level '/Game/Player/Maps/ThirdPersonExampleMap.ThirdPersonExampleMap:PersistentLevel' has LevelScriptBlueprint '/Game/Player/Maps/ThirdPersonExampleMap.ThirdPersonExampleMap:PersistentLevel.ThirdPersonExampleMap' with GeneratedClass '/Game/Player/Maps/ThirdPersonExampleMap.ThirdPersonExampleMap_C' with ClassGeneratedBy '/Game/Player/Maps/ThirdPersonExampleMap.ThirdPersonExampleMap:PersistentLevel.ThirdPersonExampleMap'
[2020.06.28-04.58.40:635][497]LogRenderer: Reallocating scene render targets to support 5160x3016 NumSamples 1 (Frame:2057).
[2020.06.28-04.58.50:411][265]LogBlueprintUserMessages: Early EndPlayMap Detection: Level '/Game/Player/Maps/ThirdPersonExampleMap.ThirdPersonExampleMap:PersistentLevel' has LevelScriptBlueprint '/Game/Player/Maps/ThirdPersonExampleMap.ThirdPersonExampleMap:PersistentLevel.ThirdPersonExampleMap' with GeneratedClass '/Game/Player/Maps/ThirdPersonExampleMap.ThirdPersonExampleMap_C' with ClassGeneratedBy '/Game/Player/Maps/ThirdPersonExampleMap.ThirdPersonExampleMap:PersistentLevel.ThirdPersonExampleMap'
[2020.06.28-04.58.50:456][265]LogBlueprintUserMessages: Late EndPlayMap Detection: Level '/Game/Player/Maps/ThirdPersonExampleMap.ThirdPersonExampleMap:PersistentLevel' has LevelScriptBlueprint '/Game/Player/Maps/ThirdPersonExampleMap.ThirdPersonExampleMap:PersistentLevel.ThirdPersonExampleMap' with GeneratedClass '/Game/Player/Maps/ThirdPersonExampleMap.ThirdPersonExampleMap_C' with ClassGeneratedBy '/Game/Player/Maps/ThirdPersonExampleMap.ThirdPersonExampleMap:PersistentLevel.ThirdPersonExampleMap'
[2020.06.28-04.58.51:096][326]LogSavePackage: Save=67.99ms
[2020.06.28-04.58.51:096][326]LogSavePackage: Moving 'E:/epic/Epic_Projcet/Git_Project/我的项目A/Saved/ThirdPersonExampleMapF667C3B04E04C19C60CE34A43F4D402B.tmp' to 'E:/epic/Epic_Projcet/Git_Project/我的项目A/Content/Player/Maps/ThirdPersonExampleMap.umap'
[2020.06.28-04.58.51:098][326]LogSavePackage:Display: Finished SavePackage E:/epic/Epic_Projcet/Git_Project/我的项目A/Content/Player/Maps/ThirdPersonExampleMap.umap
[2020.06.28-04.58.51:119][326]Cmd: OBJ SAVEPACKAGE PACKAGE="/Game/Player/Maps/ThirdPersonExampleMap_BuiltData" FILE="E:/epic/Epic_Projcet/Git_Project/我的项目A/Content/Player/Maps/ThirdPersonExampleMap_BuiltData.uasset" SILENT=true
[2020.06.28-04.58.51:185][326]LogSavePackage: Save=64.36ms
[2020.06.28-04.58.51:185][326]LogSavePackage: Moving 'E:/epic/Epic_Projcet/Git_Project/我的项目A/Saved/ThirdPersonExampleMap_BuiltDataAA61896D4814551C6E614FB483EA29BA.tmp' to 'E:/epic/Epic_Projcet/Git_Project/我的项目A/Content/Player/Maps/ThirdPersonExampleMap_BuiltData.uasset'
[2020.06.28-04.58.51:186][326]LogSavePackage:Display: Finished SavePackage E:/epic/Epic_Projcet/Git_Project/我的项目A/Content/Player/Maps/ThirdPersonExampleMap_BuiltData.uasset
[2020.06.28-04.58.51:290][328]LogSavePackage: Save=66.73ms
[2020.06.28-04.58.51:290][328]LogSavePackage: Moving 'E:/epic/Epic_Projcet/Git_Project/我的项目A/Saved/ThirdPersonExampleMap57BC26494B3E02E7A21A67AB0F03F0CA.tmp' to 'E:/epic/Epic_Projcet/Git_Project/我的项目A/Content/Player/Maps/ThirdPersonExampleMap.umap'
[2020.06.28-04.58.51:291][328]LogSavePackage:Display: Finished SavePackage E:/epic/Epic_Projcet/Git_Project/我的项目A/Content/Player/Maps/ThirdPersonExampleMap.umap
[2020.06.28-04.58.51:312][328]Cmd: OBJ SAVEPACKAGE PACKAGE="/Game/Player/Maps/ThirdPersonExampleMap_BuiltData" FILE="E:/epic/Epic_Projcet/Git_Project/我的项目A/Content/Player/Maps/ThirdPersonExampleMap_BuiltData.uasset" SILENT=true
[2020.06.28-04.58.51:377][328]LogSavePackage: Save=62.63ms
[2020.06.28-04.58.51:377][328]LogSavePackage: Moving 'E:/epic/Epic_Projcet/Git_Project/我的项目A/Saved/ThirdPersonExampleMap_BuiltData32CF5DB141827CD65DF87EA6C3A03676.tmp' to 'E:/epic/Epic_Projcet/Git_Project/我的项目A/Content/Player/Maps/ThirdPersonExampleMap_BuiltData.uasset'
[2020.06.28-04.58.51:379][328]LogSavePackage:Display: Finished SavePackage E:/epic/Epic_Projcet/Git_Project/我的项目A/Content/Player/Maps/ThirdPersonExampleMap_BuiltData.uasset
[2020.06.28-04.58.57:744][ 47]LogSavePackage: Save=67.38ms
[2020.06.28-04.58.57:745][ 47]LogSavePackage: Moving 'E:/epic/Epic_Projcet/Git_Project/我的项目A/Saved/ThirdPersonExampleMapE6D7553F4E8DF33163D80BB2C44BDF78.tmp' to 'E:/epic/Epic_Projcet/Git_Project/我的项目A/Content/Player/Maps/ThirdPersonExampleMap.umap'
[2020.06.28-04.58.57:747][ 47]LogSavePackage:Display: Finished SavePackage E:/epic/Epic_Projcet/Git_Project/我的项目A/Content/Player/Maps/ThirdPersonExampleMap.umap
[2020.06.28-04.58.57:768][ 47]Cmd: OBJ SAVEPACKAGE PACKAGE="/Game/Player/Maps/ThirdPersonExampleMap_BuiltData" FILE="E:/epic/Epic_Projcet/Git_Project/我的项目A/Content/Player/Maps/ThirdPersonExampleMap_BuiltData.uasset" SILENT=true
[2020.06.28-04.58.57:833][ 47]LogSavePackage: Save=62.47ms
[2020.06.28-04.58.57:833][ 47]LogSavePackage: Moving 'E:/epic/Epic_Projcet/Git_Project/我的项目A/Saved/ThirdPersonExampleMap_BuiltDataDC743F794E946E5D6C1FB59D8A26F19D.tmp' to 'E:/epic/Epic_Projcet/Git_Project/我的项目A/Content/Player/Maps/ThirdPersonExampleMap_BuiltData.uasset'
[2020.06.28-04.58.57:834][ 47]LogSavePackage:Display: Finished SavePackage E:/epic/Epic_Projcet/Git_Project/我的项目A/Content/Player/Maps/ThirdPersonExampleMap_BuiltData.uasset
[2020.06.28-04.58.57:942][ 49]LogSavePackage: Save=68.98ms
[2020.06.28-04.58.57:942][ 49]LogSavePackage: Moving 'E:/epic/Epic_Projcet/Git_Project/我的项目A/Saved/ThirdPersonExampleMapD7EA6F7745C4879C3B86C9B59DD7BF2C.tmp' to 'E:/epic/Epic_Projcet/Git_Project/我的项目A/Content/Player/Maps/ThirdPersonExampleMap.umap'
[2020.06.28-04.58.57:944][ 49]LogSavePackage:Display: Finished SavePackage E:/epic/Epic_Projcet/Git_Project/我的项目A/Content/Player/Maps/ThirdPersonExampleMap.umap
[2020.06.28-04.58.57:965][ 49]Cmd: OBJ SAVEPACKAGE PACKAGE="/Game/Player/Maps/ThirdPersonExampleMap_BuiltData" FILE="E:/epic/Epic_Projcet/Git_Project/我的项目A/Content/Player/Maps/ThirdPersonExampleMap_BuiltData.uasset" SILENT=true
[2020.06.28-04.58.58:030][ 49]LogSavePackage: Save=62.43ms
[2020.06.28-04.58.58:030][ 49]LogSavePackage: Moving 'E:/epic/Epic_Projcet/Git_Project/我的项目A/Saved/ThirdPersonExampleMap_BuiltDataD0CC5C174A9D2126A84CB593594233C8.tmp' to 'E:/epic/Epic_Projcet/Git_Project/我的项目A/Content/Player/Maps/ThirdPersonExampleMap_BuiltData.uasset'
[2020.06.28-04.58.58:032][ 49]LogSavePackage:Display: Finished SavePackage E:/epic/Epic_Projcet/Git_Project/我的项目A/Content/Player/Maps/ThirdPersonExampleMap_BuiltData.uasset
[2020.06.28-04.58.58:176][ 66]LogTemp: Repeting last play command: 新建编辑器窗口（在编辑器中运行）
[2020.06.28-04.58.58:185][ 66]LogBlueprintUserMessages: Early PlayInEditor Detection: Level '/Game/Player/Maps/ThirdPersonExampleMap.ThirdPersonExampleMap:PersistentLevel' has LevelScriptBlueprint '/Game/Player/Maps/ThirdPersonExampleMap.ThirdPersonExampleMap:PersistentLevel.ThirdPersonExampleMap' with GeneratedClass '/Game/Player/Maps/ThirdPersonExampleMap.ThirdPersonExampleMap_C' with ClassGeneratedBy '/Game/Player/Maps/ThirdPersonExampleMap.ThirdPersonExampleMap:PersistentLevel.ThirdPersonExampleMap'
[2020.06.28-04.58.58:185][ 66]LogPlayLevel: PlayLevel: No blueprints needed recompiling
[2020.06.28-04.58.58:185][ 66]PIE: New page: PIE会话: ThirdPersonExampleMap (2020年6月28日 下午8:58:58)
[2020.06.28-04.58.58:185][ 66]LogPlayLevel: Creating play world package: /Game/Player/Maps/UEDPIE_0_ThirdPersonExampleMap
[2020.06.28-04.58.58:196][ 66]LogPlayLevel: PIE: StaticDuplicateObject took: (0.010641s)
[2020.06.28-04.58.58:196][ 66]LogAIModule: Creating AISystem for world ThirdPersonExampleMap
[2020.06.28-04.58.58:197][ 66]LogPlayLevel: PIE: World Init took: (0.000690s)
[2020.06.28-04.58.58:197][ 66]LogPlayLevel: PIE: Created PIE world by copying editor world from /Game/Player/Maps/ThirdPersonExampleMap.ThirdPersonExampleMap to /Game/Player/Maps/UEDPIE_0_ThirdPersonExampleMap.ThirdPersonExampleMap (0.011498s)
[2020.06.28-04.58.58:238][ 66]LogInit: XAudio2 using '扬声器 (3- S21)' : 2 channels at 48 kHz using 16 bits per sample (channel mask 0x3)
[2020.06.28-04.58.58:303][ 66]LogInit: FAudioDevice initialized.
[2020.06.28-04.58.58:439][ 66]LogLoad: Game class is 'GameModeBase'
[2020.06.28-04.58.58:441][ 66]PIE:Warning: 警告 无效模拟选项：刚体(Ramp_StaticMesh_DM_2.DestructibleComponent0 Ramp_StaticMesh_DM)被设置为模拟物理，但“启用碰撞”不兼容。
[2020.06.28-04.58.58:441][ 66]PIE:Warning: 警告 无效模拟选项：刚体(Ramp_StaticMesh_DM_2.DestructibleComponent0 Ramp_StaticMesh_DM)被设置为模拟物理，但“启用碰撞”不兼容。
[2020.06.28-04.58.58:442][ 66]LogWorld: Bringing World /Game/Player/Maps/UEDPIE_0_ThirdPersonExampleMap.ThirdPersonExampleMap up for play (max tick rate 0) at 2020.06.28-12.58.58
[2020.06.28-04.58.58:443][ 66]LogWorld: Bringing up level for play took: 0.002152
[2020.06.28-04.58.58:447][ 66]PIE: 信息 /Game/Player/Maps/UEDPIE_0_ThirdPersonExampleMap的‘在编辑器中播放’的起始时间-0.618
[2020.06.28-04.58.58:447][ 66]LogBlueprintUserMessages: Late PlayInEditor Detection: Level '/Game/Player/Maps/ThirdPersonExampleMap.ThirdPersonExampleMap:PersistentLevel' has LevelScriptBlueprint '/Game/Player/Maps/ThirdPersonExampleMap.ThirdPersonExampleMap:PersistentLevel.ThirdPersonExampleMap' with GeneratedClass '/Game/Player/Maps/ThirdPersonExampleMap.ThirdPersonExampleMap_C' with ClassGeneratedBy '/Game/Player/Maps/ThirdPersonExampleMap.ThirdPersonExampleMap:PersistentLevel.ThirdPersonExampleMap'
[2020.06.28-04.59.17:123][464]LogCharacterMovement: AI_Lv1_2 is stuck and failed to move! Velocity: X=-79.13 Y=-117.35 Z=0.00 Location: X=-1445.50 Y=-1030.87 Z=218.29 Normal: X=0.24 Y=0.95 Z=-0.18 PenetrationDepth:3.157 Actor:ThirdPersonCharacter_167 Component:StaticMesh BoneName:None (0 other events since notify)
[2020.06.28-04.59.18:351][561]LogCharacterMovement: AI_Lv1_2 is stuck and failed to move! Velocity: X=578.66 Y=87.13 Z=0.00 Location: X=-1258.41 Y=-1049.77 Z=218.50 Normal: X=-0.84 Y=0.08 Z=-0.53 PenetrationDepth:7.598 Actor:ThirdPersonCharacter_167 Component:StaticMesh1 BoneName:None (0 other events since notify)
[2020.06.28-04.59.19:423][646]LogCharacterMovement: AI_Lv1_2 is stuck and failed to move! Velocity: X=-172.17 Y=-178.89 Z=0.00 Location: X=-1197.49 Y=-1147.76 Z=218.37 Normal: X=0.70 Y=0.55 Z=-0.45 PenetrationDepth:5.139 Actor:ThirdPersonCharacter_167 Component:StaticMesh BoneName:None (2 other events since notify)
[2020.06.28-04.59.32:029][585]LogBlueprintUserMessages: Early EndPlayMap Detection: Level '/Game/Player/Maps/ThirdPersonExampleMap.ThirdPersonExampleMap:PersistentLevel' has LevelScriptBlueprint '/Game/Player/Maps/ThirdPersonExampleMap.ThirdPersonExampleMap:PersistentLevel.ThirdPersonExampleMap' with GeneratedClass '/Game/Player/Maps/ThirdPersonExampleMap.ThirdPersonExampleMap_C' with ClassGeneratedBy '/Game/Player/Maps/ThirdPersonExampleMap.ThirdPersonExampleMap:PersistentLevel.ThirdPersonExampleMap'
[2020.06.28-04.59.32:121][585]LogBlueprintUserMessages: Late EndPlayMap Detection: Level '/Game/Player/Maps/ThirdPersonExampleMap.ThirdPersonExampleMap:PersistentLevel' has LevelScriptBlueprint '/Game/Player/Maps/ThirdPersonExampleMap.ThirdPersonExampleMap:PersistentLevel.ThirdPersonExampleMap' with GeneratedClass '/Game/Player/Maps/ThirdPersonExampleMap.ThirdPersonExampleMap_C' with ClassGeneratedBy '/Game/Player/Maps/ThirdPersonExampleMap.ThirdPersonExampleMap:PersistentLevel.ThirdPersonExampleMap'
[2020.06.28-04.59.32:827][646]LogSavePackage: Save=69.29ms
[2020.06.28-04.59.32:827][646]LogSavePackage: Moving 'E:/epic/Epic_Projcet/Git_Project/我的项目A/Saved/ThirdPersonExampleMap9A76D72642E5BDD5018190B673CC6D89.tmp' to 'E:/epic/Epic_Projcet/Git_Project/我的项目A/Content/Player/Maps/ThirdPersonExampleMap.umap'
[2020.06.28-04.59.32:829][646]LogSavePackage:Display: Finished SavePackage E:/epic/Epic_Projcet/Git_Project/我的项目A/Content/Player/Maps/ThirdPersonExampleMap.umap
[2020.06.28-04.59.32:849][646]Cmd: OBJ SAVEPACKAGE PACKAGE="/Game/Player/Maps/ThirdPersonExampleMap_BuiltData" FILE="E:/epic/Epic_Projcet/Git_Project/我的项目A/Content/Player/Maps/ThirdPersonExampleMap_BuiltData.uasset" SILENT=true
[2020.06.28-04.59.32:918][646]LogSavePackage: Save=67.06ms
[2020.06.28-04.59.32:918][646]LogSavePackage: Moving 'E:/epic/Epic_Projcet/Git_Project/我的项目A/Saved/ThirdPersonExampleMap_BuiltDataD9EA0F02466EB9E60FF1809F1C81B95F.tmp' to 'E:/epic/Epic_Projcet/Git_Project/我的项目A/Content/Player/Maps/ThirdPersonExampleMap_BuiltData.uasset'
[2020.06.28-04.59.32:919][646]LogSavePackage:Display: Finished SavePackage E:/epic/Epic_Projcet/Git_Project/我的项目A/Content/Player/Maps/ThirdPersonExampleMap_BuiltData.uasset
[2020.06.28-04.59.33:032][648]LogSavePackage: Save=68.65ms
[2020.06.28-04.59.33:032][648]LogSavePackage: Moving 'E:/epic/Epic_Projcet/Git_Project/我的项目A/Saved/ThirdPersonExampleMapDB44AD844F3D5264F6C6ACB03FA4A225.tmp' to 'E:/epic/Epic_Projcet/Git_Project/我的项目A/Content/Player/Maps/ThirdPersonExampleMap.umap'
[2020.06.28-04.59.33:034][648]LogSavePackage:Display: Finished SavePackage E:/epic/Epic_Projcet/Git_Project/我的项目A/Content/Player/Maps/ThirdPersonExampleMap.umap
[2020.06.28-04.59.33:054][648]Cmd: OBJ SAVEPACKAGE PACKAGE="/Game/Player/Maps/ThirdPersonExampleMap_BuiltData" FILE="E:/epic/Epic_Projcet/Git_Project/我的项目A/Content/Player/Maps/ThirdPersonExampleMap_BuiltData.uasset" SILENT=true
[2020.06.28-04.59.33:121][648]LogSavePackage: Save=64.11ms
[2020.06.28-04.59.33:121][648]LogSavePackage: Moving 'E:/epic/Epic_Projcet/Git_Project/我的项目A/Saved/ThirdPersonExampleMap_BuiltDataBB1606974940F5FF96285A89487B94C6.tmp' to 'E:/epic/Epic_Projcet/Git_Project/我的项目A/Content/Player/Maps/ThirdPersonExampleMap_BuiltData.uasset'
[2020.06.28-04.59.33:122][648]LogSavePackage:Display: Finished SavePackage E:/epic/Epic_Projcet/Git_Project/我的项目A/Content/Player/Maps/ThirdPersonExampleMap_BuiltData.uasset
[2020.06.28-04.59.34:047][750]LogWindowsTextInputMethodSystem:Display: IME system now deactivated.
[2020.06.28-04.59.34:203][751]Cmd: QUIT_EDITOR
[2020.06.28-04.59.34:426][751]LogExit: Preparing to exit.
[2020.06.28-04.59.34:963][751]LogExit: Editor shut down
[2020.06.28-04.59.34:964][751]LogExit: Transaction tracking system shut down
[2020.06.28-04.59.34:999][751]LogObj: Freed 0b from 0 cluster array pools.
[2020.06.28-04.59.34:999][751]LogExit: Object subsystem successfully closed.
[2020.06.28-04.59.35:016][751]LogD3D11RHI: Shutdown
[2020.06.28-04.59.35:016][751]LogD3D11RHI: CleanupD3DDevice
[2020.06.28-04.59.35:069][751]LogD3D11RHI: ~FD3D11DynamicRHI
[2020.06.28-04.59.35:075][751]LogModuleManager: Shutting down and abandoning module ExternalImagePicker (502)
[2020.06.28-04.59.35:075][751]LogModuleManager: Shutting down and abandoning module MovieSceneCapture (500)
[2020.06.28-04.59.35:075][751]LogModuleManager: Shutting down and abandoning module HierarchicalLODOutliner (498)
[2020.06.28-04.59.35:075][751]LogModuleManager: Shutting down and abandoning module CrashTracker (496)
[2020.06.28-04.59.35:075][751]LogModuleManager: Shutting down and abandoning module SceneOutliner (494)
[2020.06.28-04.59.35:075][751]LogModuleManager: Shutting down and abandoning module AddContentDialog (492)
[2020.06.28-04.59.35:075][751]LogDirectoryWatcher: A directory notification for 'D:/UE_4.15/FeaturePacks/' was aborted.
[2020.06.28-04.59.35:075][751]LogModuleManager: Shutting down and abandoning module WidgetCarousel (491)
[2020.06.28-04.59.35:075][751]LogModuleManager: Shutting down and abandoning module EditorWidgets (488)
[2020.06.28-04.59.35:075][751]LogModuleManager: Shutting down and abandoning module CollectionManager (486)
[2020.06.28-04.59.35:075][751]LogDirectoryWatcher: A directory notification for 'E:/epic/Epic_Projcet/Git_Project/我的项目A/Content/Collections/' was aborted.
[2020.06.28-04.59.35:075][751]LogDirectoryWatcher: A directory notification for 'E:/epic/Epic_Projcet/Git_Project/我的项目A/Content/Developers/Administrator/Collections/' was aborted.
[2020.06.28-04.59.35:075][751]LogDirectoryWatcher: A directory notification for 'E:/epic/Epic_Projcet/Git_Project/我的项目A/Saved/Collections/' was aborted.
[2020.06.28-04.59.35:075][751]LogModuleManager: Shutting down and abandoning module StatsViewer (484)
[2020.06.28-04.59.35:075][751]LogModuleManager: Shutting down and abandoning module FoliageEdit (482)
[2020.06.28-04.59.35:075][751]LogModuleManager: Shutting down and abandoning module LandscapeEditor (480)
[2020.06.28-04.59.35:075][751]LogModuleManager: Shutting down and abandoning module SceneDepthPickerMode (478)
[2020.06.28-04.59.35:076][751]LogModuleManager: Shutting down and abandoning module ActorPickerMode (476)
[2020.06.28-04.59.35:076][751]LogModuleManager: Shutting down and abandoning module GeometryMode (474)
[2020.06.28-04.59.35:076][751]LogModuleManager: Shutting down and abandoning module TextureAlignMode (472)
[2020.06.28-04.59.35:076][751]LogModuleManager: Shutting down and abandoning module BspMode (470)
[2020.06.28-04.59.35:076][751]LogModuleManager: Shutting down and abandoning module HardwareSurvey (468)
[2020.06.28-04.59.35:076][751]LogModuleManager: Shutting down and abandoning module SequenceRecorderSections (466)
[2020.06.28-04.59.35:076][751]LogModuleManager: Shutting down and abandoning module AutomationWorker (464)
[2020.06.28-04.59.35:076][751]LogModuleManager: Shutting down and abandoning module MatineeToLevelSequence (462)
[2020.06.28-04.59.35:076][751]LogModuleManager: Shutting down and abandoning module LevelSequenceEditor (460)
[2020.06.28-04.59.35:076][751]LogModuleManager: Shutting down and abandoning module PlacementMode (459)
[2020.06.28-04.59.35:076][751]LogModuleManager: Shutting down and abandoning module WmfMediaFactory (456)
[2020.06.28-04.59.35:076][751]LogModuleManager: Shutting down and abandoning module WmfMediaEditor (454)
[2020.06.28-04.59.35:076][751]LogModuleManager: Shutting down and abandoning module MfMediaFactory (452)
[2020.06.28-04.59.35:076][751]LogModuleManager: Shutting down and abandoning module MfMediaEditor (450)
[2020.06.28-04.59.35:076][751]LogModuleManager: Shutting down and abandoning module AvfMediaFactory (448)
[2020.06.28-04.59.35:076][751]LogModuleManager: Shutting down and abandoning module AvfMediaEditor (446)
[2020.06.28-04.59.35:076][751]LogModuleManager: Shutting down and abandoning module AndroidMediaFactory (444)
[2020.06.28-04.59.35:076][751]LogModuleManager: Shutting down and abandoning module Media (443)
[2020.06.28-04.59.35:076][751]LogModuleManager: Shutting down and abandoning module AndroidMediaEditor (440)
[2020.06.28-04.59.35:076][751]LogModuleManager: Shutting down and abandoning module CharacterAI (438)
[2020.06.28-04.59.35:076][751]LogModuleManager: Shutting down and abandoning module AudioCapture (436)
[2020.06.28-04.59.35:076][751]LogModuleManager: Shutting down and abandoning module SequenceRecorder (435)
[2020.06.28-04.59.35:076][751]LogModuleManager: Shutting down and abandoning module SmartSnapping (432)
[2020.06.28-04.59.35:076][751]LogModuleManager: Shutting down and abandoning module SessionServices (430)
[2020.06.28-04.59.35:076][751]LogModuleManager: Shutting down and abandoning module ViewportSnapping (428)
[2020.06.28-04.59.35:076][751]LogModuleManager: Shutting down and abandoning module ViewportInteraction (426)
[2020.06.28-04.59.35:076][751]LogModuleManager: Shutting down and abandoning module LogVisualizer (424)
[2020.06.28-04.59.35:076][751]LogModuleManager: Shutting down and abandoning module IntroTutorials (422)
[2020.06.28-04.59.35:076][751]LogModuleManager: Shutting down and abandoning module GameProjectGeneration (421)
[2020.06.28-04.59.35:076][751]LogModuleManager: Shutting down and abandoning module EditorLiveStreaming (418)
[2020.06.28-04.59.35:076][751]LogModuleManager: Shutting down and abandoning module IOSPlatformEditor (416)
[2020.06.28-04.59.35:076][751]LogModuleManager: Shutting down and abandoning module HTML5PlatformEditor (414)
[2020.06.28-04.59.35:076][751]LogModuleManager: Shutting down and abandoning module AndroidPlatformEditor (412)
[2020.06.28-04.59.35:076][751]LogModuleManager: Shutting down and abandoning module AndroidDeviceDetection (411)
[2020.06.28-04.59.36:056][751]LogModuleManager: Shutting down and abandoning module IOSRuntimeSettings (408)
[2020.06.28-04.59.36:056][751]LogModuleManager: Shutting down and abandoning module AndroidRuntimeSettings (406)
[2020.06.28-04.59.36:056][751]LogModuleManager: Shutting down and abandoning module InputBindingEditor (404)
[2020.06.28-04.59.36:056][751]LogModuleManager: Shutting down and abandoning module NiagaraEditor (402)
[2020.06.28-04.59.36:056][751]LogModuleManager: Shutting down and abandoning module MergeActors (400)
[2020.06.28-04.59.36:056][751]LogModuleManager: Shutting down and abandoning module SizeMap (398)
[2020.06.28-04.59.36:056][751]LogModuleManager: Shutting down and abandoning module TreeMap (396)
[2020.06.28-04.59.36:056][751]LogModuleManager: Shutting down and abandoning module ReferenceViewer (394)
[2020.06.28-04.59.36:056][751]LogModuleManager: Shutting down and abandoning module LocalizationDashboard (392)
[2020.06.28-04.59.36:056][751]LogModuleManager: Shutting down and abandoning module LocalizationService (391)
[2020.06.28-04.59.36:056][751]LogModuleManager: Shutting down and abandoning module HardwareTargeting (388)
[2020.06.28-04.59.36:056][751]LogModuleManager: Shutting down and abandoning module DeviceProfileEditor (386)
[2020.06.28-04.59.36:056][751]LogModuleManager: Shutting down and abandoning module UndoHistory (384)
[2020.06.28-04.59.36:056][751]LogModuleManager: Shutting down and abandoning module UserFeedback (382)
[2020.06.28-04.59.36:056][751]LogModuleManager: Shutting down and abandoning module XmlParser (380)
[2020.06.28-04.59.36:056][751]LogModuleManager: Shutting down and abandoning module Blutility (378)
[2020.06.28-04.59.36:056][751]LogModuleManager: Shutting down and abandoning module ProjectSettingsViewer (376)
[2020.06.28-04.59.36:056][751]LogModuleManager: Shutting down and abandoning module ProjectTargetPlatformEditor (375)
[2020.06.28-04.59.36:056][751]LogModuleManager: Shutting down and abandoning module EditorSettingsViewer (372)
[2020.06.28-04.59.36:056][751]LogModuleManager: Shutting down and abandoning module SettingsEditor (370)
[2020.06.28-04.59.36:056][751]LogModuleManager: Shutting down and abandoning module ProjectLauncher (368)
[2020.06.28-04.59.36:056][751]LogModuleManager: Shutting down and abandoning module SessionFrontend (366)
[2020.06.28-04.59.36:056][751]LogModuleManager: Shutting down and abandoning module ProfilerClient (364)
[2020.06.28-04.59.36:056][751]LogModuleManager: Shutting down and abandoning module DeviceManager (362)
[2020.06.28-04.59.36:056][751]LogModuleManager: Shutting down and abandoning module TargetDeviceServices (361)
[2020.06.28-04.59.36:090][751]LogModuleManager: Shutting down and abandoning module AutomationController (358)
[2020.06.28-04.59.36:090][751]LogModuleManager: Shutting down and abandoning module AutomationWindow (356)
[2020.06.28-04.59.36:090][751]LogModuleManager: Shutting down and abandoning module Layers (354)
[2020.06.28-04.59.36:090][751]LogModuleManager: Shutting down and abandoning module ComponentVisualizers (352)
[2020.06.28-04.59.36:090][751]LogModuleManager: Shutting down and abandoning module DetailCustomizations (350)
[2020.06.28-04.59.36:090][751]LogModuleManager: Shutting down and abandoning module PackagesDialog (348)
[2020.06.28-04.59.36:090][751]LogModuleManager: Shutting down and abandoning module Persona (346)
[2020.06.28-04.59.36:090][751]LogModuleManager: Shutting down and abandoning module AnimGraph (345)
[2020.06.28-04.59.36:090][751]LogModuleManager: Shutting down and abandoning module Kismet (342)
[2020.06.28-04.59.36:090][751]LogModuleManager: Shutting down and abandoning module GraphEditor (340)
[2020.06.28-04.59.36:090][751]LogModuleManager: Shutting down and abandoning module ClassViewer (338)
[2020.06.28-04.59.36:090][751]LogModuleManager: Shutting down and abandoning module Toolbox (336)
[2020.06.28-04.59.36:090][751]LogModuleManager: Shutting down and abandoning module ModuleUI (334)
[2020.06.28-04.59.36:090][751]LogModuleManager: Shutting down and abandoning module MovieSceneTools (332)
[2020.06.28-04.59.36:090][751]LogModuleManager: Shutting down and abandoning module OutputLog (330)
[2020.06.28-04.59.36:090][751]LogModuleManager: Shutting down and abandoning module GammaUI (328)
[2020.06.28-04.59.36:090][751]LogModuleManager: Shutting down and abandoning module Documentation (326)
[2020.06.28-04.59.36:090][751]LogModuleManager: Shutting down and abandoning module Niagara (324)
[2020.06.28-04.59.36:090][751]LogModuleManager: Shutting down and abandoning module StreamingPauseRendering (322)
[2020.06.28-04.59.36:090][751]LogModuleManager: Shutting down and abandoning module AnalyticsET (320)
[2020.06.28-04.59.36:090][751]LogModuleManager: Shutting down and abandoning module PortalServices (318)
[2020.06.28-04.59.36:090][751]LogModuleManager: Shutting down and abandoning module PortalRpc (316)
[2020.06.28-04.59.36:090][751]LogModuleManager: Shutting down and abandoning module MessagingRpc (314)
[2020.06.28-04.59.36:090][751]LogModuleManager: Shutting down and abandoning module AIModule (312)
[2020.06.28-04.59.36:090][751]LogModuleManager: Shutting down and abandoning module GameplayDebugger (311)
[2020.06.28-04.59.36:091][751]LogModuleManager: Shutting down and abandoning module AITestSuite (309)
[2020.06.28-04.59.36:091][751]LogModuleManager: Shutting down and abandoning module ProfilerService (306)
[2020.06.28-04.59.36:103][751]LogModuleManager: Shutting down and abandoning module TaskGraph (304)
[2020.06.28-04.59.36:103][751]LogModuleManager: Shutting down and abandoning module SteamVRController (302)
[2020.06.28-04.59.36:103][751]LogModuleManager: Shutting down and abandoning module SteamVR (300)
[2020.06.28-04.59.36:103][751]LogModuleManager: Shutting down and abandoning module ProceduralMeshComponentEditor (298)
[2020.06.28-04.59.36:103][751]LogModuleManager: Shutting down and abandoning module ProceduralMeshComponent (296)
[2020.06.28-04.59.36:103][751]LogModuleManager: Shutting down and abandoning module OculusLibrary (294)
[2020.06.28-04.59.36:103][751]LogModuleManager: Shutting down and abandoning module OculusInput (292)
[2020.06.28-04.59.36:103][751]LogModuleManager: Shutting down and abandoning module MobilePatchingUtils (290)
[2020.06.28-04.59.36:103][751]LogModuleManager: Shutting down and abandoning module CustomMeshComponent (288)
[2020.06.28-04.59.36:103][751]LogModuleManager: Shutting down and abandoning module CableComponent (286)
[2020.06.28-04.59.36:103][751]LogModuleManager: Shutting down and abandoning module ArchVisCharacter (284)
[2020.06.28-04.59.36:103][751]LogModuleManager: Shutting down and abandoning module MediaPlayerEditor (280)
[2020.06.28-04.59.36:103][751]LogModuleManager: Shutting down and abandoning module HTML5Networking (278)
[2020.06.28-04.59.36:103][751]LogModuleManager: Shutting down and abandoning module AlembicImporter (276)
[2020.06.28-04.59.36:103][751]LogModuleManager: Shutting down and abandoning module AlembicLibrary (275)
[2020.06.28-04.59.36:103][751]LogModuleManager: Shutting down and abandoning module GeometryCache (274)
[2020.06.28-04.59.36:103][751]LogModuleManager: Shutting down and abandoning module GeometryCacheEd (273)
[2020.06.28-04.59.36:103][751]LogModuleManager: Shutting down and abandoning module SuperSearchEditor (268)
[2020.06.28-04.59.36:103][751]LogModuleManager: Shutting down and abandoning module SuperSearch (267)
[2020.06.28-04.59.36:103][751]LogModuleManager: Shutting down and abandoning module SpeedTreeImporter (264)
[2020.06.28-04.59.36:103][751]LogModuleManager: Shutting down and abandoning module PluginBrowser (262)
[2020.06.28-04.59.36:103][751]LogModuleManager: Shutting down and abandoning module MobileLauncherProfileWizard (260)
[2020.06.28-04.59.36:103][751]LogModuleManager: Shutting down and abandoning module EpicSurvey (258)
[2020.06.28-04.59.36:103][751]LogModuleManager: Shutting down and abandoning module VisualStudioSourceCodeAccess (256)
[2020.06.28-04.59.36:103][751]LogModuleManager: Shutting down and abandoning module DesktopPlatform (255)
[2020.06.28-04.59.36:103][751]LogModuleManager: Shutting down and abandoning module UObjectPlugin (252)
[2020.06.28-04.59.36:103][751]LogModuleManager: Shutting down and abandoning module SubversionSourceControl (250)
[2020.06.28-04.59.36:103][751]LogModuleManager: Shutting down and abandoning module PerforceSourceControl (248)
[2020.06.28-04.59.36:103][751]LogModuleManager: Shutting down and abandoning module GitSourceControl (246)
[2020.06.28-04.59.36:103][751]LogModuleManager: Shutting down and abandoning module SourceControl (245)
[2020.06.28-04.59.36:103][751]LogModuleManager: Shutting down and abandoning module LightPropagationVolumeEditor (242)
[2020.06.28-04.59.36:103][751]LogModuleManager: Shutting down and abandoning module PaperTiledImporter (240)
[2020.06.28-04.59.36:103][751]LogModuleManager: Shutting down and abandoning module PaperSpriteSheetImporter (238)
[2020.06.28-04.59.36:103][751]LogModuleManager: Shutting down and abandoning module Paper2DEditor (236)
[2020.06.28-04.59.36:103][751]LogModuleManager: Shutting down and abandoning module MeshPaint (235)
[2020.06.28-04.59.36:103][751]LogModuleManager: Shutting down and abandoning module LevelEditor (233)
[2020.06.28-04.59.36:104][751]LogModuleManager: Shutting down and abandoning module PixelInspectorModule (232)
[2020.06.28-04.59.36:104][751]LogModuleManager: Shutting down and abandoning module MainFrame (230)
[2020.06.28-04.59.36:104][751]LogModuleManager: Shutting down and abandoning module HotReload (229)
[2020.06.28-04.59.36:104][751]LogModuleManager: Shutting down and abandoning module ContentBrowser (225)
[2020.06.28-04.59.36:105][751]LogModuleManager: Shutting down and abandoning module PhysXVehiclesEditor (222)
[2020.06.28-04.59.36:105][751]LogModuleManager: Shutting down and abandoning module PhysXVehicles (220)
[2020.06.28-04.59.36:105][751]LogModuleManager: Shutting down and abandoning module LocationServicesBPLibrary (218)
[2020.06.28-04.59.36:105][751]LogModuleManager: Shutting down and abandoning module UdpMessaging (216)
[2020.06.28-04.59.36:206][751]LogModuleManager: Shutting down and abandoning module TcpMessaging (214)
[2020.06.28-04.59.36:307][751]LogModuleManager: Shutting down and abandoning module GameplayTagsEditor (212)
[2020.06.28-04.59.36:307][751]LogModuleManager: Shutting down and abandoning module FacialAnimationEditor (210)
[2020.06.28-04.59.36:307][751]LogModuleManager: Shutting down and abandoning module FacialAnimation (208)
[2020.06.28-04.59.36:307][751]LogModuleManager: Shutting down and abandoning module LightPropagationVolumeRuntime (206)
[2020.06.28-04.59.36:307][751]LogModuleManager: Shutting down and abandoning module Paper2D (204)
[2020.06.28-04.59.36:307][751]LogModuleManager: Shutting down and abandoning module WindowsMoviePlayer (202)
[2020.06.28-04.59.36:307][751]LogModuleManager: Shutting down and abandoning module WmfMedia (200)
[2020.06.28-04.59.36:308][751]LogModuleManager: Shutting down and abandoning module MfMedia (198)
[2020.06.28-04.59.36:308][751]LogModuleManager: Shutting down and abandoning module MediaAssets (196)
[2020.06.28-04.59.36:308][751]LogModuleManager: Shutting down and abandoning module GameLiveStreaming (194)
[2020.06.28-04.59.36:308][751]LogModuleManager: Shutting down and abandoning module VREditor (192)
[2020.06.28-04.59.36:308][751]LogModuleManager: Shutting down and abandoning module GameplayTasksEditor (190)
[2020.06.28-04.59.36:308][751]LogModuleManager: Shutting down and abandoning module BehaviorTreeEditor (188)
[2020.06.28-04.59.36:308][751]LogModuleManager: Shutting down and abandoning module FunctionalTesting (186)
[2020.06.28-04.59.36:308][751]LogModuleManager: Shutting down and abandoning module CollisionAnalyzer (184)
[2020.06.28-04.59.36:308][751]LogModuleManager: Shutting down and abandoning module UMG (182)
[2020.06.28-04.59.36:308][751]LogModuleManager: Shutting down and abandoning module UMGEditor (181)
[2020.06.28-04.59.36:308][751]LogModuleManager: Shutting down and abandoning module Sequencer (180)
[2020.06.28-04.59.36:308][751]LogModuleManager: Shutting down and abandoning module AssetTools (178)
[2020.06.28-04.59.36:308][751]LogModuleManager: Shutting down and abandoning module MessageLog (177)
[2020.06.28-04.59.36:308][751]LogModuleManager: Shutting down and abandoning module WorkspaceMenuStructure (176)
[2020.06.28-04.59.36:308][751]LogModuleManager: Shutting down and abandoning module SlateReflector (170)
[2020.06.28-04.59.36:308][751]LogModuleManager: Shutting down and abandoning module Slate (168)
[2020.06.28-04.59.36:308][751]LogModuleManager: Shutting down and abandoning module EditorStyle (166)
[2020.06.28-04.59.36:309][751]LogModuleManager: Shutting down and abandoning module SourceCodeAccess (164)
[2020.06.28-04.59.36:309][751]LogModuleManager: Shutting down and abandoning module HeadMountedDisplay (162)
[2020.06.28-04.59.36:309][751]LogModuleManager: Shutting down and abandoning module XAudio2 (160)
[2020.06.28-04.59.36:309][751]LogModuleManager: Shutting down and abandoning module Networking (158)
[2020.06.28-04.59.36:309][751]LogModuleManager: Shutting down and abandoning module Core (154)
[2020.06.28-04.59.36:309][751]LogModuleManager: Shutting down and abandoning module AssetRegistry (152)
[2020.06.28-04.59.36:454][751]LogDirectoryWatcher: A directory notification for '../../../Engine/Content/' was aborted.
[2020.06.28-04.59.36:455][751]LogDirectoryWatcher: A directory notification for 'E:/epic/Epic_Projcet/Git_Project/我的项目A/Content/' was aborted.
[2020.06.28-04.59.36:455][751]LogDirectoryWatcher: A directory notification for '../../../Engine/Plugins/2D/Paper2D/Content/' was aborted.
[2020.06.28-04.59.36:455][751]LogModuleManager: Shutting down and abandoning module DirectoryWatcher (151)
[2020.06.28-04.59.36:455][751]LogModuleManager: Shutting down and abandoning module KismetCompiler (148)
[2020.06.28-04.59.36:455][751]LogModuleManager: Shutting down and abandoning module PhysXFormats (146)
[2020.06.28-04.59.36:455][751]LogModuleManager: Shutting down and abandoning module MeshUtilities (144)
[2020.06.28-04.59.36:455][751]LogModuleManager: Shutting down and abandoning module SimplygonSwarm (143)
[2020.06.28-04.59.36:455][751]LogModuleManager: Shutting down and abandoning module SimplygonMeshReduction (141)
[2020.06.28-04.59.36:455][751]LogModuleManager: Shutting down and abandoning module QuadricMeshReduction (139)
[2020.06.28-04.59.36:455][751]LogModuleManager: Shutting down and abandoning module PropertyEditor (137)
[2020.06.28-04.59.36:455][751]LogModuleManager: Shutting down and abandoning module DerivedDataCache (134)
[2020.06.28-04.59.36:694][751]LogDerivedDataCache: Shutdown
[2020.06.28-04.59.36:694][751]LogModuleManager: Shutting down and abandoning module TargetPlatform (132)
[2020.06.28-04.59.36:694][751]LogModuleManager: Shutting down and abandoning module VulkanShaderFormat (131)
[2020.06.28-04.59.36:694][751]LogModuleManager: Shutting down and abandoning module ShaderFormatOpenGL (129)
[2020.06.28-04.59.36:694][751]LogModuleManager: Shutting down and abandoning module ShaderFormatD3D (127)
[2020.06.28-04.59.36:694][751]LogModuleManager: Shutting down and abandoning module MetalShaderFormat (125)
[2020.06.28-04.59.36:694][751]LogModuleManager: Shutting down and abandoning module TextureFormatUncompressed (123)
[2020.06.28-04.59.36:694][751]LogModuleManager: Shutting down and abandoning module TextureFormatPVR (121)
[2020.06.28-04.59.36:694][751]LogModuleManager: Shutting down and abandoning module TextureFormatDXT (119)
[2020.06.28-04.59.36:694][751]LogModuleManager: Shutting down and abandoning module TextureFormatIntelISPCTexComp (117)
[2020.06.28-04.59.36:694][751]LogModuleManager: Shutting down and abandoning module TextureFormatASTC (115)
[2020.06.28-04.59.36:694][751]LogModuleManager: Shutting down and abandoning module ImageWrapper (114)
[2020.06.28-04.59.36:694][751]LogModuleManager: Shutting down and abandoning module TextureFormatAndroid (111)
[2020.06.28-04.59.36:694][751]LogModuleManager: Shutting down and abandoning module AudioFormatOpus (109)
[2020.06.28-04.59.36:695][751]LogModuleManager: Shutting down and abandoning module AudioFormatOgg (107)
[2020.06.28-04.59.36:695][751]LogModuleManager: Shutting down and abandoning module AudioFormatADPCM (105)
[2020.06.28-04.59.36:695][751]LogModuleManager: Shutting down and abandoning module LinuxTargetPlatform (103)
[2020.06.28-04.59.36:695][751]LogModuleManager: Shutting down and abandoning module LinuxServerTargetPlatform (101)
[2020.06.28-04.59.36:695][751]LogModuleManager: Shutting down and abandoning module LinuxNoEditorTargetPlatform (99)
[2020.06.28-04.59.36:695][751]LogModuleManager: Shutting down and abandoning module LinuxClientTargetPlatform (97)
[2020.06.28-04.59.36:695][751]LogModuleManager: Shutting down and abandoning module TVOSTargetPlatform (95)
[2020.06.28-04.59.36:695][751]LogModuleManager: Shutting down and abandoning module Messaging (93)
[2020.06.28-04.59.36:695][751]LogModuleManager: Shutting down and abandoning module IOSTargetPlatform (91)
[2020.06.28-04.59.36:695][751]LogModuleManager: Shutting down and abandoning module HTML5TargetPlatform (89)
[2020.06.28-04.59.36:695][751]LogModuleManager: Shutting down and abandoning module Android_PVRTCTargetPlatform (87)
[2020.06.28-04.59.36:695][751]LogModuleManager: Shutting down and abandoning module Android_MultiTargetPlatform (85)
[2020.06.28-04.59.36:695][751]LogModuleManager: Shutting down and abandoning module Android_ETC2TargetPlatform (83)
[2020.06.28-04.59.36:695][751]LogModuleManager: Shutting down and abandoning module Android_ETC1TargetPlatform (81)
[2020.06.28-04.59.36:695][751]LogModuleManager: Shutting down and abandoning module Android_DXTTargetPlatform (79)
[2020.06.28-04.59.36:695][751]LogModuleManager: Shutting down and abandoning module Android_ATCTargetPlatform (77)
[2020.06.28-04.59.36:695][751]LogModuleManager: Shutting down and abandoning module Android_ASTCTargetPlatform (75)
[2020.06.28-04.59.36:695][751]LogModuleManager: Shutting down and abandoning module AndroidTargetPlatform (73)
[2020.06.28-04.59.36:695][751]LogModuleManager: Shutting down and abandoning module WindowsTargetPlatform (71)
[2020.06.28-04.59.36:695][751]LogModuleManager: Shutting down and abandoning module WindowsServerTargetPlatform (69)
[2020.06.28-04.59.36:695][751]LogModuleManager: Shutting down and abandoning module WindowsNoEditorTargetPlatform (67)
[2020.06.28-04.59.36:695][751]LogModuleManager: Shutting down and abandoning module WindowsClientTargetPlatform (65)
[2020.06.28-04.59.36:695][751]LogModuleManager: Shutting down and abandoning module MacTargetPlatform (63)
[2020.06.28-04.59.36:695][751]LogModuleManager: Shutting down and abandoning module MacServerTargetPlatform (61)
[2020.06.28-04.59.36:695][751]LogModuleManager: Shutting down and abandoning module MacNoEditorTargetPlatform (59)
[2020.06.28-04.59.36:695][751]LogModuleManager: Shutting down and abandoning module MacClientTargetPlatform (57)
[2020.06.28-04.59.36:695][751]LogModuleManager: Shutting down and abandoning module AllDesktopTargetPlatform (55)
[2020.06.28-04.59.36:695][751]LogModuleManager: Shutting down and abandoning module InputCore (52)
[2020.06.28-04.59.36:695][751]LogModuleManager: Shutting down and abandoning module Settings (50)
[2020.06.28-04.59.36:695][751]LogModuleManager: Shutting down and abandoning module OculusRift (48)
[2020.06.28-04.59.36:695][751]LogModuleManager: Shutting down and abandoning module GearVR (46)
[2020.06.28-04.59.36:695][751]LogModuleManager: Shutting down and abandoning module ExampleDeviceProfileSelector (44)
[2020.06.28-04.59.36:695][751]LogModuleManager: Shutting down and abandoning module OnlineBlueprintSupport (42)
[2020.06.28-04.59.36:695][751]LogModuleManager: Shutting down and abandoning module OnlineSubsystem (38)
[2020.06.28-04.59.36:695][751]LogOnline:Display: Unloading online subsystem: NULL
[2020.06.28-04.59.36:695][751]LogModuleManager: Shutting down and abandoning module XMPP (37)
[2020.06.28-04.59.36:695][751]LogModuleManager: Shutting down and abandoning module HTTP (35)
[2020.06.28-04.59.36:695][751]LogHttp:Display: Http module shutting down, but needs to wait on 1 outstanding Http requests:
[2020.06.28-04.59.36:695][751]LogHttp:Display: 	verb=[POST] url=[https://datarouter.ol.epicgames.com/datarouter/api/v1/public/data?SessionID=%7B525B4203-46CD-6F6A-0F48-61A878B2CDBD%7D&AppID=UEEditor.Rocket.Release&AppVersion=4.15.3-3450819%2B%2B%2BUE4%2BRelease-4.15&UserID=5f12360b4b35f99c8e9ee28d89f3984d%7Ce95a0c3a566749a3b2801e8fee6ff4d6%7Ca49b314a-0371-4457-b252-b9751ea8136d&AppEnvironment=datacollector-binary&UploadType=eteventstream] status=Processing
[2020.06.28-04.59.36:713][751]LogModuleManager: Shutting down and abandoning module SSL (34)
[2020.06.28-04.59.36:714][751]LogModuleManager: Shutting down and abandoning module AudioEditor (30)
[2020.06.28-04.59.36:714][751]LogModuleManager: Shutting down and abandoning module TextureCompressor (28)
[2020.06.28-04.59.36:714][751]LogModuleManager: Shutting down and abandoning module ShaderCore (26)
[2020.06.28-04.59.36:714][751]LogModuleManager: Shutting down and abandoning module Landscape (24)
[2020.06.28-04.59.36:714][751]LogModuleManager: Shutting down and abandoning module SlateRHIRenderer (22)
[2020.06.28-04.59.36:715][751]LogModuleManager: Shutting down and abandoning module OpenGLDrv (20)
[2020.06.28-04.59.36:715][751]LogModuleManager: Shutting down and abandoning module D3D11RHI (18)
[2020.06.28-04.59.36:715][751]LogModuleManager: Shutting down and abandoning module AnimGraphRuntime (16)
[2020.06.28-04.59.36:715][751]LogModuleManager: Shutting down and abandoning module Renderer (14)
[2020.06.28-04.59.36:715][751]LogModuleManager: Shutting down and abandoning module Engine (12)
[2020.06.28-04.59.36:715][751]LogModuleManager: Shutting down and abandoning module CoreUObject (10)
[2020.06.28-04.59.36:715][751]LogModuleManager: Shutting down and abandoning module NetworkFile (8)
[2020.06.28-04.59.36:715][751]LogModuleManager: Shutting down and abandoning module StreamingFile (6)
[2020.06.28-04.59.36:715][751]LogModuleManager: Shutting down and abandoning module SandboxFile (4)
[2020.06.28-04.59.36:715][751]LogModuleManager: Shutting down and abandoning module PakFile (2)
[2020.06.28-04.59.36:717][751]LogExit: Exiting.
[2020.06.28-04.59.36:718][751]Log file closed, 06/28/20 12:59:36
